info it worked if it ends with ok
verbose cli [ 'node', '/usr/bin/npm', 'install' ]
info using npm@1.1.4
info using node@v0.6.12
verbose config file /home/ca309567/.npmrc
verbose config file /usr/etc/npmrc
verbose config file /usr/share/npm/npmrc
verbose caching /home/ca309567/Git/poo_ihm_2015_exemples/package.json
verbose loadDefaults pooihmexemples@0.0.0
verbose readDependencies: using package.json deps
verbose where, deps [ '/home/ca309567/Git/poo_ihm_2015_exemples',
verbose where, deps   [ 'grunt',
verbose where, deps     'grunt-autoprefixer',
verbose where, deps     'grunt-concurrent',
verbose where, deps     'grunt-contrib-clean',
verbose where, deps     'grunt-contrib-concat',
verbose where, deps     'grunt-contrib-connect',
verbose where, deps     'grunt-contrib-copy',
verbose where, deps     'grunt-contrib-cssmin',
verbose where, deps     'grunt-contrib-htmlmin',
verbose where, deps     'grunt-contrib-imagemin',
verbose where, deps     'grunt-contrib-jshint',
verbose where, deps     'grunt-contrib-uglify',
verbose where, deps     'grunt-contrib-watch',
verbose where, deps     'grunt-filerev',
verbose where, deps     'grunt-google-cdn',
verbose where, deps     'grunt-newer',
verbose where, deps     'grunt-ng-annotate',
verbose where, deps     'grunt-svgmin',
verbose where, deps     'grunt-usemin',
verbose where, deps     'grunt-wiredep',
verbose where, deps     'jshint-stylish',
verbose where, deps     'load-grunt-tasks',
verbose where, deps     'time-grunt' ] ]
verbose from cache /home/ca309567/Git/poo_ihm_2015_exemples/package.json
info preinstall pooihmexemples@0.0.0
verbose from cache /home/ca309567/Git/poo_ihm_2015_exemples/package.json
verbose readDependencies: using package.json deps
verbose cache add [ 'grunt@^0.4.5', null ]
silly cache add: name, spec, args [ undefined, 'grunt@^0.4.5', [ 'grunt@^0.4.5', null ] ]
verbose parsed url { pathname: 'grunt@^0.4.5',
verbose parsed url   path: 'grunt@^0.4.5',
verbose parsed url   href: 'grunt@^0.4.5' }
silly cache add: name, spec, args [ 'grunt', '^0.4.5', [ 'grunt', '^0.4.5' ] ]
verbose parsed url { pathname: '^0.4.5', path: '^0.4.5', href: '^0.4.5' }
verbose addNamed [ 'grunt', '^0.4.5' ]
verbose addNamed [ null, '>=0.4.5-0 <0.5.0-0' ]
silly name, range, hasData [ 'grunt', '>=0.4.5-0 <0.5.0-0', false ]
verbose raw, before any munging grunt
verbose url resolving [ 'https://registry.npmjs.org/', './grunt' ]
verbose url resolved https://registry.npmjs.org/grunt
http GET https://registry.npmjs.org/grunt
verbose cache add [ 'grunt-autoprefixer@^2.0.0', null ]
silly cache add: name, spec, args [ undefined,
silly cache add: name, spec, args   'grunt-autoprefixer@^2.0.0',
silly cache add: name, spec, args   [ 'grunt-autoprefixer@^2.0.0', null ] ]
verbose parsed url { pathname: 'grunt-autoprefixer@^2.0.0',
verbose parsed url   path: 'grunt-autoprefixer@^2.0.0',
verbose parsed url   href: 'grunt-autoprefixer@^2.0.0' }
silly cache add: name, spec, args [ 'grunt-autoprefixer',
silly cache add: name, spec, args   '^2.0.0',
silly cache add: name, spec, args   [ 'grunt-autoprefixer', '^2.0.0' ] ]
verbose parsed url { pathname: '^2.0.0', path: '^2.0.0', href: '^2.0.0' }
verbose addNamed [ 'grunt-autoprefixer', '^2.0.0' ]
verbose addNamed [ null, '>=2.0.0-0 <3.0.0-0' ]
silly name, range, hasData [ 'grunt-autoprefixer', '>=2.0.0-0 <3.0.0-0', false ]
verbose cache add [ 'grunt-concurrent@^1.0.0', null ]
silly cache add: name, spec, args [ undefined,
silly cache add: name, spec, args   'grunt-concurrent@^1.0.0',
silly cache add: name, spec, args   [ 'grunt-concurrent@^1.0.0', null ] ]
verbose parsed url { pathname: 'grunt-concurrent@^1.0.0',
verbose parsed url   path: 'grunt-concurrent@^1.0.0',
verbose parsed url   href: 'grunt-concurrent@^1.0.0' }
silly cache add: name, spec, args [ 'grunt-concurrent',
silly cache add: name, spec, args   '^1.0.0',
silly cache add: name, spec, args   [ 'grunt-concurrent', '^1.0.0' ] ]
verbose parsed url { pathname: '^1.0.0', path: '^1.0.0', href: '^1.0.0' }
verbose addNamed [ 'grunt-concurrent', '^1.0.0' ]
verbose addNamed [ null, '>=1.0.0-0 <2.0.0-0' ]
silly name, range, hasData [ 'grunt-concurrent', '>=1.0.0-0 <2.0.0-0', false ]
verbose cache add [ 'grunt-contrib-clean@^0.6.0', null ]
silly cache add: name, spec, args [ undefined,
silly cache add: name, spec, args   'grunt-contrib-clean@^0.6.0',
silly cache add: name, spec, args   [ 'grunt-contrib-clean@^0.6.0', null ] ]
verbose parsed url { pathname: 'grunt-contrib-clean@^0.6.0',
verbose parsed url   path: 'grunt-contrib-clean@^0.6.0',
verbose parsed url   href: 'grunt-contrib-clean@^0.6.0' }
silly cache add: name, spec, args [ 'grunt-contrib-clean',
silly cache add: name, spec, args   '^0.6.0',
silly cache add: name, spec, args   [ 'grunt-contrib-clean', '^0.6.0' ] ]
verbose parsed url { pathname: '^0.6.0', path: '^0.6.0', href: '^0.6.0' }
verbose addNamed [ 'grunt-contrib-clean', '^0.6.0' ]
verbose addNamed [ null, '>=0.6.0-0 <0.7.0-0' ]
silly name, range, hasData [ 'grunt-contrib-clean', '>=0.6.0-0 <0.7.0-0', false ]
verbose cache add [ 'grunt-contrib-concat@^0.5.0', null ]
silly cache add: name, spec, args [ undefined,
silly cache add: name, spec, args   'grunt-contrib-concat@^0.5.0',
silly cache add: name, spec, args   [ 'grunt-contrib-concat@^0.5.0', null ] ]
verbose parsed url { pathname: 'grunt-contrib-concat@^0.5.0',
verbose parsed url   path: 'grunt-contrib-concat@^0.5.0',
verbose parsed url   href: 'grunt-contrib-concat@^0.5.0' }
silly cache add: name, spec, args [ 'grunt-contrib-concat',
silly cache add: name, spec, args   '^0.5.0',
silly cache add: name, spec, args   [ 'grunt-contrib-concat', '^0.5.0' ] ]
verbose parsed url { pathname: '^0.5.0', path: '^0.5.0', href: '^0.5.0' }
verbose addNamed [ 'grunt-contrib-concat', '^0.5.0' ]
verbose addNamed [ null, '>=0.5.0-0 <0.6.0-0' ]
silly name, range, hasData [ 'grunt-contrib-concat', '>=0.5.0-0 <0.6.0-0', false ]
verbose cache add [ 'grunt-contrib-connect@^0.9.0', null ]
silly cache add: name, spec, args [ undefined,
silly cache add: name, spec, args   'grunt-contrib-connect@^0.9.0',
silly cache add: name, spec, args   [ 'grunt-contrib-connect@^0.9.0', null ] ]
verbose parsed url { pathname: 'grunt-contrib-connect@^0.9.0',
verbose parsed url   path: 'grunt-contrib-connect@^0.9.0',
verbose parsed url   href: 'grunt-contrib-connect@^0.9.0' }
silly cache add: name, spec, args [ 'grunt-contrib-connect',
silly cache add: name, spec, args   '^0.9.0',
silly cache add: name, spec, args   [ 'grunt-contrib-connect', '^0.9.0' ] ]
verbose parsed url { pathname: '^0.9.0', path: '^0.9.0', href: '^0.9.0' }
verbose addNamed [ 'grunt-contrib-connect', '^0.9.0' ]
verbose addNamed [ null, '>=0.9.0-0 <0.10.0-0' ]
silly name, range, hasData [ 'grunt-contrib-connect', '>=0.9.0-0 <0.10.0-0', false ]
verbose cache add [ 'grunt-contrib-copy@^0.7.0', null ]
silly cache add: name, spec, args [ undefined,
silly cache add: name, spec, args   'grunt-contrib-copy@^0.7.0',
silly cache add: name, spec, args   [ 'grunt-contrib-copy@^0.7.0', null ] ]
verbose parsed url { pathname: 'grunt-contrib-copy@^0.7.0',
verbose parsed url   path: 'grunt-contrib-copy@^0.7.0',
verbose parsed url   href: 'grunt-contrib-copy@^0.7.0' }
silly cache add: name, spec, args [ 'grunt-contrib-copy',
silly cache add: name, spec, args   '^0.7.0',
silly cache add: name, spec, args   [ 'grunt-contrib-copy', '^0.7.0' ] ]
verbose parsed url { pathname: '^0.7.0', path: '^0.7.0', href: '^0.7.0' }
verbose addNamed [ 'grunt-contrib-copy', '^0.7.0' ]
verbose addNamed [ null, '>=0.7.0-0 <0.8.0-0' ]
silly name, range, hasData [ 'grunt-contrib-copy', '>=0.7.0-0 <0.8.0-0', false ]
verbose cache add [ 'grunt-contrib-cssmin@^0.12.0', null ]
silly cache add: name, spec, args [ undefined,
silly cache add: name, spec, args   'grunt-contrib-cssmin@^0.12.0',
silly cache add: name, spec, args   [ 'grunt-contrib-cssmin@^0.12.0', null ] ]
verbose parsed url { pathname: 'grunt-contrib-cssmin@^0.12.0',
verbose parsed url   path: 'grunt-contrib-cssmin@^0.12.0',
verbose parsed url   href: 'grunt-contrib-cssmin@^0.12.0' }
silly cache add: name, spec, args [ 'grunt-contrib-cssmin',
silly cache add: name, spec, args   '^0.12.0',
silly cache add: name, spec, args   [ 'grunt-contrib-cssmin', '^0.12.0' ] ]
verbose parsed url { pathname: '^0.12.0', path: '^0.12.0', href: '^0.12.0' }
verbose addNamed [ 'grunt-contrib-cssmin', '^0.12.0' ]
verbose addNamed [ null, '>=0.12.0-0 <0.13.0-0' ]
silly name, range, hasData [ 'grunt-contrib-cssmin', '>=0.12.0-0 <0.13.0-0', false ]
verbose cache add [ 'grunt-contrib-htmlmin@^0.4.0', null ]
silly cache add: name, spec, args [ undefined,
silly cache add: name, spec, args   'grunt-contrib-htmlmin@^0.4.0',
silly cache add: name, spec, args   [ 'grunt-contrib-htmlmin@^0.4.0', null ] ]
verbose parsed url { pathname: 'grunt-contrib-htmlmin@^0.4.0',
verbose parsed url   path: 'grunt-contrib-htmlmin@^0.4.0',
verbose parsed url   href: 'grunt-contrib-htmlmin@^0.4.0' }
silly cache add: name, spec, args [ 'grunt-contrib-htmlmin',
silly cache add: name, spec, args   '^0.4.0',
silly cache add: name, spec, args   [ 'grunt-contrib-htmlmin', '^0.4.0' ] ]
verbose parsed url { pathname: '^0.4.0', path: '^0.4.0', href: '^0.4.0' }
verbose addNamed [ 'grunt-contrib-htmlmin', '^0.4.0' ]
verbose addNamed [ null, '>=0.4.0-0 <0.5.0-0' ]
silly name, range, hasData [ 'grunt-contrib-htmlmin', '>=0.4.0-0 <0.5.0-0', false ]
verbose cache add [ 'grunt-contrib-imagemin@^0.9.2', null ]
silly cache add: name, spec, args [ undefined,
silly cache add: name, spec, args   'grunt-contrib-imagemin@^0.9.2',
silly cache add: name, spec, args   [ 'grunt-contrib-imagemin@^0.9.2', null ] ]
verbose parsed url { pathname: 'grunt-contrib-imagemin@^0.9.2',
verbose parsed url   path: 'grunt-contrib-imagemin@^0.9.2',
verbose parsed url   href: 'grunt-contrib-imagemin@^0.9.2' }
silly cache add: name, spec, args [ 'grunt-contrib-imagemin',
silly cache add: name, spec, args   '^0.9.2',
silly cache add: name, spec, args   [ 'grunt-contrib-imagemin', '^0.9.2' ] ]
verbose parsed url { pathname: '^0.9.2', path: '^0.9.2', href: '^0.9.2' }
verbose addNamed [ 'grunt-contrib-imagemin', '^0.9.2' ]
verbose addNamed [ null, '>=0.9.2-0 <0.10.0-0' ]
silly name, range, hasData [ 'grunt-contrib-imagemin', '>=0.9.2-0 <0.10.0-0', false ]
verbose cache add [ 'grunt-contrib-jshint@^0.11.0', null ]
silly cache add: name, spec, args [ undefined,
silly cache add: name, spec, args   'grunt-contrib-jshint@^0.11.0',
silly cache add: name, spec, args   [ 'grunt-contrib-jshint@^0.11.0', null ] ]
verbose parsed url { pathname: 'grunt-contrib-jshint@^0.11.0',
verbose parsed url   path: 'grunt-contrib-jshint@^0.11.0',
verbose parsed url   href: 'grunt-contrib-jshint@^0.11.0' }
silly cache add: name, spec, args [ 'grunt-contrib-jshint',
silly cache add: name, spec, args   '^0.11.0',
silly cache add: name, spec, args   [ 'grunt-contrib-jshint', '^0.11.0' ] ]
verbose parsed url { pathname: '^0.11.0', path: '^0.11.0', href: '^0.11.0' }
verbose addNamed [ 'grunt-contrib-jshint', '^0.11.0' ]
verbose addNamed [ null, '>=0.11.0-0 <0.12.0-0' ]
silly name, range, hasData [ 'grunt-contrib-jshint', '>=0.11.0-0 <0.12.0-0', false ]
verbose cache add [ 'grunt-contrib-uglify@^0.7.0', null ]
silly cache add: name, spec, args [ undefined,
silly cache add: name, spec, args   'grunt-contrib-uglify@^0.7.0',
silly cache add: name, spec, args   [ 'grunt-contrib-uglify@^0.7.0', null ] ]
verbose parsed url { pathname: 'grunt-contrib-uglify@^0.7.0',
verbose parsed url   path: 'grunt-contrib-uglify@^0.7.0',
verbose parsed url   href: 'grunt-contrib-uglify@^0.7.0' }
silly cache add: name, spec, args [ 'grunt-contrib-uglify',
silly cache add: name, spec, args   '^0.7.0',
silly cache add: name, spec, args   [ 'grunt-contrib-uglify', '^0.7.0' ] ]
verbose parsed url { pathname: '^0.7.0', path: '^0.7.0', href: '^0.7.0' }
verbose addNamed [ 'grunt-contrib-uglify', '^0.7.0' ]
verbose addNamed [ null, '>=0.7.0-0 <0.8.0-0' ]
silly name, range, hasData [ 'grunt-contrib-uglify', '>=0.7.0-0 <0.8.0-0', false ]
verbose cache add [ 'grunt-contrib-watch@^0.6.1', null ]
silly cache add: name, spec, args [ undefined,
silly cache add: name, spec, args   'grunt-contrib-watch@^0.6.1',
silly cache add: name, spec, args   [ 'grunt-contrib-watch@^0.6.1', null ] ]
verbose parsed url { pathname: 'grunt-contrib-watch@^0.6.1',
verbose parsed url   path: 'grunt-contrib-watch@^0.6.1',
verbose parsed url   href: 'grunt-contrib-watch@^0.6.1' }
silly cache add: name, spec, args [ 'grunt-contrib-watch',
silly cache add: name, spec, args   '^0.6.1',
silly cache add: name, spec, args   [ 'grunt-contrib-watch', '^0.6.1' ] ]
verbose parsed url { pathname: '^0.6.1', path: '^0.6.1', href: '^0.6.1' }
verbose addNamed [ 'grunt-contrib-watch', '^0.6.1' ]
verbose addNamed [ null, '>=0.6.1-0 <0.7.0-0' ]
silly name, range, hasData [ 'grunt-contrib-watch', '>=0.6.1-0 <0.7.0-0', false ]
verbose cache add [ 'grunt-filerev@^2.1.2', null ]
silly cache add: name, spec, args [ undefined,
silly cache add: name, spec, args   'grunt-filerev@^2.1.2',
silly cache add: name, spec, args   [ 'grunt-filerev@^2.1.2', null ] ]
verbose parsed url { pathname: 'grunt-filerev@^2.1.2',
verbose parsed url   path: 'grunt-filerev@^2.1.2',
verbose parsed url   href: 'grunt-filerev@^2.1.2' }
silly cache add: name, spec, args [ 'grunt-filerev', '^2.1.2', [ 'grunt-filerev', '^2.1.2' ] ]
verbose parsed url { pathname: '^2.1.2', path: '^2.1.2', href: '^2.1.2' }
verbose addNamed [ 'grunt-filerev', '^2.1.2' ]
verbose addNamed [ null, '>=2.1.2-0 <3.0.0-0' ]
silly name, range, hasData [ 'grunt-filerev', '>=2.1.2-0 <3.0.0-0', false ]
verbose cache add [ 'grunt-google-cdn@^0.4.3', null ]
silly cache add: name, spec, args [ undefined,
silly cache add: name, spec, args   'grunt-google-cdn@^0.4.3',
silly cache add: name, spec, args   [ 'grunt-google-cdn@^0.4.3', null ] ]
verbose parsed url { pathname: 'grunt-google-cdn@^0.4.3',
verbose parsed url   path: 'grunt-google-cdn@^0.4.3',
verbose parsed url   href: 'grunt-google-cdn@^0.4.3' }
silly cache add: name, spec, args [ 'grunt-google-cdn',
silly cache add: name, spec, args   '^0.4.3',
silly cache add: name, spec, args   [ 'grunt-google-cdn', '^0.4.3' ] ]
verbose parsed url { pathname: '^0.4.3', path: '^0.4.3', href: '^0.4.3' }
verbose addNamed [ 'grunt-google-cdn', '^0.4.3' ]
verbose addNamed [ null, '>=0.4.3-0 <0.5.0-0' ]
silly name, range, hasData [ 'grunt-google-cdn', '>=0.4.3-0 <0.5.0-0', false ]
verbose cache add [ 'grunt-newer@^1.1.0', null ]
silly cache add: name, spec, args [ undefined,
silly cache add: name, spec, args   'grunt-newer@^1.1.0',
silly cache add: name, spec, args   [ 'grunt-newer@^1.1.0', null ] ]
verbose parsed url { pathname: 'grunt-newer@^1.1.0',
verbose parsed url   path: 'grunt-newer@^1.1.0',
verbose parsed url   href: 'grunt-newer@^1.1.0' }
silly cache add: name, spec, args [ 'grunt-newer', '^1.1.0', [ 'grunt-newer', '^1.1.0' ] ]
verbose parsed url { pathname: '^1.1.0', path: '^1.1.0', href: '^1.1.0' }
verbose addNamed [ 'grunt-newer', '^1.1.0' ]
verbose addNamed [ null, '>=1.1.0-0 <2.0.0-0' ]
silly name, range, hasData [ 'grunt-newer', '>=1.1.0-0 <2.0.0-0', false ]
verbose cache add [ 'grunt-ng-annotate@^0.9.2', null ]
silly cache add: name, spec, args [ undefined,
silly cache add: name, spec, args   'grunt-ng-annotate@^0.9.2',
silly cache add: name, spec, args   [ 'grunt-ng-annotate@^0.9.2', null ] ]
verbose parsed url { pathname: 'grunt-ng-annotate@^0.9.2',
verbose parsed url   path: 'grunt-ng-annotate@^0.9.2',
verbose parsed url   href: 'grunt-ng-annotate@^0.9.2' }
silly cache add: name, spec, args [ 'grunt-ng-annotate',
silly cache add: name, spec, args   '^0.9.2',
silly cache add: name, spec, args   [ 'grunt-ng-annotate', '^0.9.2' ] ]
verbose parsed url { pathname: '^0.9.2', path: '^0.9.2', href: '^0.9.2' }
verbose addNamed [ 'grunt-ng-annotate', '^0.9.2' ]
verbose addNamed [ null, '>=0.9.2-0 <0.10.0-0' ]
silly name, range, hasData [ 'grunt-ng-annotate', '>=0.9.2-0 <0.10.0-0', false ]
verbose raw, before any munging grunt-autoprefixer
verbose url resolving [ 'https://registry.npmjs.org/', './grunt-autoprefixer' ]
verbose url resolved https://registry.npmjs.org/grunt-autoprefixer
http GET https://registry.npmjs.org/grunt-autoprefixer
verbose raw, before any munging grunt-concurrent
verbose url resolving [ 'https://registry.npmjs.org/', './grunt-concurrent' ]
verbose url resolved https://registry.npmjs.org/grunt-concurrent
http GET https://registry.npmjs.org/grunt-concurrent
verbose raw, before any munging grunt-contrib-clean
verbose url resolving [ 'https://registry.npmjs.org/', './grunt-contrib-clean' ]
verbose url resolved https://registry.npmjs.org/grunt-contrib-clean
http GET https://registry.npmjs.org/grunt-contrib-clean
verbose raw, before any munging grunt-contrib-concat
verbose url resolving [ 'https://registry.npmjs.org/', './grunt-contrib-concat' ]
verbose url resolved https://registry.npmjs.org/grunt-contrib-concat
http GET https://registry.npmjs.org/grunt-contrib-concat
verbose raw, before any munging grunt-contrib-connect
verbose url resolving [ 'https://registry.npmjs.org/', './grunt-contrib-connect' ]
verbose url resolved https://registry.npmjs.org/grunt-contrib-connect
http GET https://registry.npmjs.org/grunt-contrib-connect
verbose raw, before any munging grunt-contrib-copy
verbose url resolving [ 'https://registry.npmjs.org/', './grunt-contrib-copy' ]
verbose url resolved https://registry.npmjs.org/grunt-contrib-copy
http GET https://registry.npmjs.org/grunt-contrib-copy
verbose raw, before any munging grunt-contrib-cssmin
verbose url resolving [ 'https://registry.npmjs.org/', './grunt-contrib-cssmin' ]
verbose url resolved https://registry.npmjs.org/grunt-contrib-cssmin
http GET https://registry.npmjs.org/grunt-contrib-cssmin
verbose raw, before any munging grunt-contrib-htmlmin
verbose url resolving [ 'https://registry.npmjs.org/', './grunt-contrib-htmlmin' ]
verbose url resolved https://registry.npmjs.org/grunt-contrib-htmlmin
http GET https://registry.npmjs.org/grunt-contrib-htmlmin
verbose raw, before any munging grunt-contrib-imagemin
verbose url resolving [ 'https://registry.npmjs.org/', './grunt-contrib-imagemin' ]
verbose url resolved https://registry.npmjs.org/grunt-contrib-imagemin
http GET https://registry.npmjs.org/grunt-contrib-imagemin
verbose raw, before any munging grunt-contrib-jshint
verbose url resolving [ 'https://registry.npmjs.org/', './grunt-contrib-jshint' ]
verbose url resolved https://registry.npmjs.org/grunt-contrib-jshint
http GET https://registry.npmjs.org/grunt-contrib-jshint
verbose raw, before any munging grunt-contrib-uglify
verbose url resolving [ 'https://registry.npmjs.org/', './grunt-contrib-uglify' ]
verbose url resolved https://registry.npmjs.org/grunt-contrib-uglify
http GET https://registry.npmjs.org/grunt-contrib-uglify
verbose raw, before any munging grunt-contrib-watch
verbose url resolving [ 'https://registry.npmjs.org/', './grunt-contrib-watch' ]
verbose url resolved https://registry.npmjs.org/grunt-contrib-watch
http GET https://registry.npmjs.org/grunt-contrib-watch
verbose raw, before any munging grunt-filerev
verbose url resolving [ 'https://registry.npmjs.org/', './grunt-filerev' ]
verbose url resolved https://registry.npmjs.org/grunt-filerev
http GET https://registry.npmjs.org/grunt-filerev
verbose raw, before any munging grunt-google-cdn
verbose url resolving [ 'https://registry.npmjs.org/', './grunt-google-cdn' ]
verbose url resolved https://registry.npmjs.org/grunt-google-cdn
http GET https://registry.npmjs.org/grunt-google-cdn
verbose raw, before any munging grunt-newer
verbose url resolving [ 'https://registry.npmjs.org/', './grunt-newer' ]
verbose url resolved https://registry.npmjs.org/grunt-newer
http GET https://registry.npmjs.org/grunt-newer
verbose raw, before any munging grunt-ng-annotate
verbose url resolving [ 'https://registry.npmjs.org/', './grunt-ng-annotate' ]
verbose url resolved https://registry.npmjs.org/grunt-ng-annotate
http GET https://registry.npmjs.org/grunt-ng-annotate
verbose cache add [ 'grunt-svgmin@^2.0.0', null ]
silly cache add: name, spec, args [ undefined,
silly cache add: name, spec, args   'grunt-svgmin@^2.0.0',
silly cache add: name, spec, args   [ 'grunt-svgmin@^2.0.0', null ] ]
verbose parsed url { pathname: 'grunt-svgmin@^2.0.0',
verbose parsed url   path: 'grunt-svgmin@^2.0.0',
verbose parsed url   href: 'grunt-svgmin@^2.0.0' }
silly cache add: name, spec, args [ 'grunt-svgmin', '^2.0.0', [ 'grunt-svgmin', '^2.0.0' ] ]
verbose parsed url { pathname: '^2.0.0', path: '^2.0.0', href: '^2.0.0' }
verbose addNamed [ 'grunt-svgmin', '^2.0.0' ]
verbose addNamed [ null, '>=2.0.0-0 <3.0.0-0' ]
silly name, range, hasData [ 'grunt-svgmin', '>=2.0.0-0 <3.0.0-0', false ]
verbose cache add [ 'grunt-usemin@^3.0.0', null ]
silly cache add: name, spec, args [ undefined,
silly cache add: name, spec, args   'grunt-usemin@^3.0.0',
silly cache add: name, spec, args   [ 'grunt-usemin@^3.0.0', null ] ]
verbose parsed url { pathname: 'grunt-usemin@^3.0.0',
verbose parsed url   path: 'grunt-usemin@^3.0.0',
verbose parsed url   href: 'grunt-usemin@^3.0.0' }
silly cache add: name, spec, args [ 'grunt-usemin', '^3.0.0', [ 'grunt-usemin', '^3.0.0' ] ]
verbose parsed url { pathname: '^3.0.0', path: '^3.0.0', href: '^3.0.0' }
verbose addNamed [ 'grunt-usemin', '^3.0.0' ]
verbose addNamed [ null, '>=3.0.0-0 <4.0.0-0' ]
silly name, range, hasData [ 'grunt-usemin', '>=3.0.0-0 <4.0.0-0', false ]
verbose cache add [ 'grunt-wiredep@^2.0.0', null ]
silly cache add: name, spec, args [ undefined,
silly cache add: name, spec, args   'grunt-wiredep@^2.0.0',
silly cache add: name, spec, args   [ 'grunt-wiredep@^2.0.0', null ] ]
verbose parsed url { pathname: 'grunt-wiredep@^2.0.0',
verbose parsed url   path: 'grunt-wiredep@^2.0.0',
verbose parsed url   href: 'grunt-wiredep@^2.0.0' }
silly cache add: name, spec, args [ 'grunt-wiredep', '^2.0.0', [ 'grunt-wiredep', '^2.0.0' ] ]
verbose parsed url { pathname: '^2.0.0', path: '^2.0.0', href: '^2.0.0' }
verbose addNamed [ 'grunt-wiredep', '^2.0.0' ]
verbose addNamed [ null, '>=2.0.0-0 <3.0.0-0' ]
silly name, range, hasData [ 'grunt-wiredep', '>=2.0.0-0 <3.0.0-0', false ]
verbose cache add [ 'jshint-stylish@^1.0.0', null ]
silly cache add: name, spec, args [ undefined,
silly cache add: name, spec, args   'jshint-stylish@^1.0.0',
silly cache add: name, spec, args   [ 'jshint-stylish@^1.0.0', null ] ]
verbose parsed url { pathname: 'jshint-stylish@^1.0.0',
verbose parsed url   path: 'jshint-stylish@^1.0.0',
verbose parsed url   href: 'jshint-stylish@^1.0.0' }
silly cache add: name, spec, args [ 'jshint-stylish', '^1.0.0', [ 'jshint-stylish', '^1.0.0' ] ]
verbose parsed url { pathname: '^1.0.0', path: '^1.0.0', href: '^1.0.0' }
verbose addNamed [ 'jshint-stylish', '^1.0.0' ]
verbose addNamed [ null, '>=1.0.0-0 <2.0.0-0' ]
silly name, range, hasData [ 'jshint-stylish', '>=1.0.0-0 <2.0.0-0', false ]
verbose cache add [ 'load-grunt-tasks@^3.1.0', null ]
silly cache add: name, spec, args [ undefined,
silly cache add: name, spec, args   'load-grunt-tasks@^3.1.0',
silly cache add: name, spec, args   [ 'load-grunt-tasks@^3.1.0', null ] ]
verbose parsed url { pathname: 'load-grunt-tasks@^3.1.0',
verbose parsed url   path: 'load-grunt-tasks@^3.1.0',
verbose parsed url   href: 'load-grunt-tasks@^3.1.0' }
silly cache add: name, spec, args [ 'load-grunt-tasks',
silly cache add: name, spec, args   '^3.1.0',
silly cache add: name, spec, args   [ 'load-grunt-tasks', '^3.1.0' ] ]
verbose parsed url { pathname: '^3.1.0', path: '^3.1.0', href: '^3.1.0' }
verbose addNamed [ 'load-grunt-tasks', '^3.1.0' ]
verbose addNamed [ null, '>=3.1.0-0 <4.0.0-0' ]
silly name, range, hasData [ 'load-grunt-tasks', '>=3.1.0-0 <4.0.0-0', false ]
verbose cache add [ 'time-grunt@^1.0.0', null ]
silly cache add: name, spec, args [ undefined, 'time-grunt@^1.0.0', [ 'time-grunt@^1.0.0', null ] ]
verbose parsed url { pathname: 'time-grunt@^1.0.0',
verbose parsed url   path: 'time-grunt@^1.0.0',
verbose parsed url   href: 'time-grunt@^1.0.0' }
silly cache add: name, spec, args [ 'time-grunt', '^1.0.0', [ 'time-grunt', '^1.0.0' ] ]
verbose parsed url { pathname: '^1.0.0', path: '^1.0.0', href: '^1.0.0' }
verbose addNamed [ 'time-grunt', '^1.0.0' ]
verbose addNamed [ null, '>=1.0.0-0 <2.0.0-0' ]
silly name, range, hasData [ 'time-grunt', '>=1.0.0-0 <2.0.0-0', false ]
verbose raw, before any munging grunt-svgmin
verbose url resolving [ 'https://registry.npmjs.org/', './grunt-svgmin' ]
verbose url resolved https://registry.npmjs.org/grunt-svgmin
http GET https://registry.npmjs.org/grunt-svgmin
verbose raw, before any munging grunt-usemin
verbose url resolving [ 'https://registry.npmjs.org/', './grunt-usemin' ]
verbose url resolved https://registry.npmjs.org/grunt-usemin
http GET https://registry.npmjs.org/grunt-usemin
verbose raw, before any munging grunt-wiredep
verbose url resolving [ 'https://registry.npmjs.org/', './grunt-wiredep' ]
verbose url resolved https://registry.npmjs.org/grunt-wiredep
http GET https://registry.npmjs.org/grunt-wiredep
verbose raw, before any munging jshint-stylish
verbose url resolving [ 'https://registry.npmjs.org/', './jshint-stylish' ]
verbose url resolved https://registry.npmjs.org/jshint-stylish
http GET https://registry.npmjs.org/jshint-stylish
verbose raw, before any munging load-grunt-tasks
verbose url resolving [ 'https://registry.npmjs.org/', './load-grunt-tasks' ]
verbose url resolved https://registry.npmjs.org/load-grunt-tasks
http GET https://registry.npmjs.org/load-grunt-tasks
verbose raw, before any munging time-grunt
verbose url resolving [ 'https://registry.npmjs.org/', './time-grunt' ]
verbose url resolved https://registry.npmjs.org/time-grunt
http GET https://registry.npmjs.org/time-grunt
ERR! Error: failed to fetch from registry: grunt-contrib-clean
ERR!     at /usr/share/npm/lib/utils/npm-registry-client/get.js:139:12
ERR!     at cb (/usr/share/npm/lib/utils/npm-registry-client/request.js:31:9)
ERR!     at Request._callback (/usr/share/npm/lib/utils/npm-registry-client/request.js:136:18)
ERR!     at Request.callback (/usr/lib/nodejs/request/main.js:119:22)
ERR!     at Request.<anonymous> (/usr/lib/nodejs/request/main.js:212:58)
ERR!     at Request.emit (events.js:88:20)
ERR!     at ClientRequest.<anonymous> (/usr/lib/nodejs/request/main.js:412:12)
ERR!     at ClientRequest.emit (events.js:67:17)
ERR!     at HTTPParser.onIncoming (http.js:1261:11)
ERR!     at HTTPParser.onHeadersComplete (http.js:102:31)
ERR! You may report this log at:
ERR!     <http://bugs.debian.org/npm>
ERR! or use
ERR!     reportbug --attach /home/ca309567/Git/poo_ihm_2015_exemples/npm-debug.log npm
ERR! 
ERR! System Linux 3.2.0-61-generic
ERR! command "node" "/usr/bin/npm" "install"
ERR! cwd /home/ca309567/Git/poo_ihm_2015_exemples
ERR! node -v v0.6.12
ERR! npm -v 1.1.4
ERR! message failed to fetch from registry: grunt-contrib-clean
verbose exit [ 1, true ]
